c:\users\woody\desktop\bcit\c++\midterm\midterm\debug\vc141.pdb
c:\users\woody\desktop\bcit\c++\midterm\midterm\debug\vc141.idb
c:\users\woody\desktop\bcit\c++\midterm\midterm\debug\animal.obj
c:\users\woody\desktop\bcit\c++\midterm\midterm\debug\cat.obj
c:\users\woody\desktop\bcit\c++\midterm\midterm\debug\main.obj
c:\users\woody\desktop\bcit\c++\midterm\midterm\debug\bar.obj
c:\users\woody\desktop\bcit\c++\midterm\midterm\debug\baz.obj
c:\users\woody\desktop\bcit\c++\midterm\midterm\debug\foo.obj
c:\users\woody\desktop\bcit\c++\midterm\midterm\debug\qthree.obj
c:\users\woody\desktop\bcit\c++\midterm\midterm\debug\qfive.obj
c:\users\woody\desktop\bcit\c++\midterm\midterm\debug\subfive.obj
c:\users\woody\desktop\bcit\c++\midterm\debug\midterm.exe
c:\users\woody\desktop\bcit\c++\midterm\debug\midterm.ilk
c:\users\woody\desktop\bcit\c++\midterm\debug\midterm.pdb
c:\users\woody\desktop\bcit\c++\midterm\midterm\debug\midterm.tlog\cl.command.1.tlog
c:\users\woody\desktop\bcit\c++\midterm\midterm\debug\midterm.tlog\cl.read.1.tlog
c:\users\woody\desktop\bcit\c++\midterm\midterm\debug\midterm.tlog\cl.write.1.tlog
c:\users\woody\desktop\bcit\c++\midterm\midterm\debug\midterm.tlog\link.command.1.tlog
c:\users\woody\desktop\bcit\c++\midterm\midterm\debug\midterm.tlog\link.read.1.tlog
c:\users\woody\desktop\bcit\c++\midterm\midterm\debug\midterm.tlog\link.write.1.tlog
